[18:49:42] [main/INFO]: Loaded 0 recipes
[18:49:42] [Server thread/INFO]: Starting minecraft server version 1.13.1
[18:49:42] [Server thread/INFO]: Loading properties
[18:49:42] [Server thread/INFO]: Default game type: SURVIVAL
[18:49:42] [Server thread/INFO]: This server is running Paper version git-Paper-231 (MC: 1.13.1) (Implementing API version 1.13.1-R0.1-SNAPSHOT)
[18:49:42] [Server thread/INFO]: Debug logging is disabled
[18:49:42] [Server thread/INFO]: Server Ping Player Sample Count: 12
[18:49:42] [Server thread/INFO]: Using 4 threads for Netty based IO
[18:49:42] [Server thread/INFO]: Generating keypair
[18:49:43] [Server thread/INFO]: Starting Minecraft server on *:25565
[18:49:43] [Server thread/INFO]: Using default channel type
[18:49:43] [Server thread/INFO]: Server permissions file permissions.yml is empty, ignoring it
[18:49:43] [Server thread/INFO]: **** Beginning UUID conversion, this may take A LONG time ****
[18:49:43] [Server thread/INFO]: Preparing level "world"
[18:49:43] [Server thread/INFO]: Reloading ResourceManager: Default, bukkit
[18:49:44] [Server thread/INFO]: Loaded 524 recipes
[18:49:44] [Server thread/INFO]: -------- World Settings For [world] --------
[18:49:44] [Server thread/INFO]: Experience Merge Radius: 3.0
[18:49:44] [Server thread/INFO]: Allow Zombie Pigmen to spawn from portal blocks: true
[18:49:44] [Server thread/INFO]: View Distance: 10
[18:49:44] [Server thread/INFO]: Item Despawn Rate: 6000
[18:49:44] [Server thread/INFO]: Item Merge Radius: 0.5
[18:49:44] [Server thread/INFO]: Arrow Despawn Rate: 1200
[18:49:44] [Server thread/INFO]: Zombie Aggressive Towards Villager: true
[18:49:44] [Server thread/INFO]: Nerfing mobs spawned from spawners: false
[18:49:44] [Server thread/INFO]: Custom Map Seeds:  Village: 10387312 Desert: 14357617 Igloo: 14357618 Jungle: 14357619 Swamp: 14357620 Monument: 10387313Ocean: 14357621 Shipwreck: 165745295 Slime: 987234911
[18:49:44] [Server thread/INFO]: Max TNT Explosions: 100
[18:49:44] [Server thread/INFO]: Tile Max Tick Time: 50ms Entity max Tick Time: 50ms
[18:49:44] [Server thread/INFO]: Mob Spawn Range: 8
[18:49:44] [Server thread/INFO]: Cactus Growth Modifier: 100%
[18:49:44] [Server thread/INFO]: Cane Growth Modifier: 100%
[18:49:44] [Server thread/INFO]: Melon Growth Modifier: 100%
[18:49:44] [Server thread/INFO]: Mushroom Growth Modifier: 100%
[18:49:44] [Server thread/INFO]: Pumpkin Growth Modifier: 100%
[18:49:44] [Server thread/INFO]: Sapling Growth Modifier: 100%
[18:49:44] [Server thread/INFO]: Wheat Growth Modifier: 100%
[18:49:44] [Server thread/INFO]: NetherWart Growth Modifier: 100%
[18:49:44] [Server thread/INFO]: Vine Growth Modifier: 100%
[18:49:44] [Server thread/INFO]: Cocoa Growth Modifier: 100%
[18:49:44] [Server thread/INFO]: Entity Activation Range: An 32 / Mo 32 / Mi 16 / Tiv true
[18:49:44] [Server thread/INFO]: Entity Tracking Range: Pl 48 / An 48 / Mo 48 / Mi 32 / Other 64
[18:49:44] [Server thread/INFO]: Random Lighting Updates: false
[18:49:44] [Server thread/INFO]: Hopper Transfer: 8 Hopper Check: 1 Hopper Amount: 1
[18:49:45] [Server thread/INFO]: -------- World Settings For [world_nether] --------
[18:49:45] [Server thread/INFO]: Experience Merge Radius: 3.0
[18:49:45] [Server thread/INFO]: Allow Zombie Pigmen to spawn from portal blocks: true
[18:49:45] [Server thread/INFO]: View Distance: 10
[18:49:45] [Server thread/INFO]: Item Despawn Rate: 6000
[18:49:45] [Server thread/INFO]: Item Merge Radius: 0.5
[18:49:45] [Server thread/INFO]: Arrow Despawn Rate: 1200
[18:49:45] [Server thread/INFO]: Zombie Aggressive Towards Villager: true
[18:49:45] [Server thread/INFO]: Nerfing mobs spawned from spawners: false
[18:49:45] [Server thread/INFO]: Custom Map Seeds:  Village: 10387312 Desert: 14357617 Igloo: 14357618 Jungle: 14357619 Swamp: 14357620 Monument: 10387313Ocean: 14357621 Shipwreck: 165745295 Slime: 987234911
[18:49:45] [Server thread/INFO]: Max TNT Explosions: 100
[18:49:45] [Server thread/INFO]: Tile Max Tick Time: 50ms Entity max Tick Time: 50ms
[18:49:45] [Server thread/INFO]: Mob Spawn Range: 8
[18:49:45] [Server thread/INFO]: Cactus Growth Modifier: 100%
[18:49:45] [Server thread/INFO]: Cane Growth Modifier: 100%
[18:49:45] [Server thread/INFO]: Melon Growth Modifier: 100%
[18:49:45] [Server thread/INFO]: Mushroom Growth Modifier: 100%
[18:49:45] [Server thread/INFO]: Pumpkin Growth Modifier: 100%
[18:49:45] [Server thread/INFO]: Sapling Growth Modifier: 100%
[18:49:45] [Server thread/INFO]: Wheat Growth Modifier: 100%
[18:49:45] [Server thread/INFO]: NetherWart Growth Modifier: 100%
[18:49:45] [Server thread/INFO]: Vine Growth Modifier: 100%
[18:49:45] [Server thread/INFO]: Cocoa Growth Modifier: 100%
[18:49:45] [Server thread/INFO]: Entity Activation Range: An 32 / Mo 32 / Mi 16 / Tiv true
[18:49:45] [Server thread/INFO]: Entity Tracking Range: Pl 48 / An 48 / Mo 48 / Mi 32 / Other 64
[18:49:45] [Server thread/INFO]: Random Lighting Updates: false
[18:49:45] [Server thread/INFO]: Hopper Transfer: 8 Hopper Check: 1 Hopper Amount: 1
[18:49:45] [Server thread/INFO]: -------- World Settings For [world_the_end] --------
[18:49:45] [Server thread/INFO]: Experience Merge Radius: 3.0
[18:49:45] [Server thread/INFO]: Allow Zombie Pigmen to spawn from portal blocks: true
[18:49:45] [Server thread/INFO]: View Distance: 10
[18:49:45] [Server thread/INFO]: Item Despawn Rate: 6000
[18:49:45] [Server thread/INFO]: Item Merge Radius: 0.5
[18:49:45] [Server thread/INFO]: Arrow Despawn Rate: 1200
[18:49:45] [Server thread/INFO]: Zombie Aggressive Towards Villager: true
[18:49:45] [Server thread/INFO]: Nerfing mobs spawned from spawners: false
[18:49:45] [Server thread/INFO]: Custom Map Seeds:  Village: 10387312 Desert: 14357617 Igloo: 14357618 Jungle: 14357619 Swamp: 14357620 Monument: 10387313Ocean: 14357621 Shipwreck: 165745295 Slime: 987234911
[18:49:45] [Server thread/INFO]: Max TNT Explosions: 100
[18:49:45] [Server thread/INFO]: Tile Max Tick Time: 50ms Entity max Tick Time: 50ms
[18:49:45] [Server thread/INFO]: Mob Spawn Range: 8
[18:49:45] [Server thread/INFO]: Cactus Growth Modifier: 100%
[18:49:45] [Server thread/INFO]: Cane Growth Modifier: 100%
[18:49:45] [Server thread/INFO]: Melon Growth Modifier: 100%
[18:49:45] [Server thread/INFO]: Mushroom Growth Modifier: 100%
[18:49:45] [Server thread/INFO]: Pumpkin Growth Modifier: 100%
[18:49:45] [Server thread/INFO]: Sapling Growth Modifier: 100%
[18:49:45] [Server thread/INFO]: Wheat Growth Modifier: 100%
[18:49:45] [Server thread/INFO]: NetherWart Growth Modifier: 100%
[18:49:45] [Server thread/INFO]: Vine Growth Modifier: 100%
[18:49:45] [Server thread/INFO]: Cocoa Growth Modifier: 100%
[18:49:45] [Server thread/INFO]: Entity Activation Range: An 32 / Mo 32 / Mi 16 / Tiv true
[18:49:45] [Server thread/INFO]: Entity Tracking Range: Pl 48 / An 48 / Mo 48 / Mi 32 / Other 64
[18:49:45] [Server thread/INFO]: Random Lighting Updates: false
[18:49:45] [Server thread/INFO]: Hopper Transfer: 8 Hopper Check: 1 Hopper Amount: 1
[18:49:45] [Server thread/INFO]: Preparing start region for level minecraft:overworld (Seed: 6387761906401448141)
[18:49:45] [Server thread/INFO]: Preparing spawn area: 8%
[18:49:45] [Server thread/INFO]: Preparing spawn area: 17%
[18:49:45] [Server thread/INFO]: Preparing spawn area: 25%
[18:49:45] [Server thread/INFO]: Preparing spawn area: 34%
[18:49:45] [Server thread/INFO]: Preparing spawn area: 43%
[18:49:45] [Server thread/INFO]: Preparing spawn area: 51%
[18:49:46] [Server thread/INFO]: Preparing spawn area: 60%
[18:49:46] [Server thread/INFO]: Preparing spawn area: 69%
[18:49:46] [Server thread/INFO]: Preparing spawn area: 77%
[18:49:46] [Server thread/INFO]: Preparing spawn area: 86%
[18:49:46] [Server thread/INFO]: Preparing spawn area: 95%
[18:49:46] [Server thread/INFO]: Preparing spawn area: 100%
[18:49:46] [Server thread/INFO]: Preparing start region for level minecraft:the_nether (Seed: 6387761906401448141)
[18:49:46] [Server thread/INFO]: Preparing spawn area: 8%
[18:49:46] [Server thread/INFO]: Preparing spawn area: 17%
[18:49:46] [Server thread/INFO]: Preparing spawn area: 25%
[18:49:46] [Server thread/INFO]: Preparing spawn area: 34%
[18:49:46] [Server thread/INFO]: Preparing spawn area: 43%
[18:49:46] [Server thread/INFO]: Preparing spawn area: 51%
[18:49:46] [Server thread/INFO]: Preparing spawn area: 60%
[18:49:47] [Server thread/INFO]: Preparing spawn area: 69%
[18:49:47] [Server thread/INFO]: Preparing spawn area: 77%
[18:49:47] [Server thread/INFO]: Preparing spawn area: 86%
[18:49:47] [Server thread/INFO]: Preparing spawn area: 95%
[18:49:47] [Server thread/INFO]: Preparing spawn area: 100%
[18:49:47] [Server thread/INFO]: Preparing start region for level minecraft:the_end (Seed: 6387761906401448141)
[18:49:47] [Server thread/INFO]: Preparing spawn area: 8%
[18:49:47] [Server thread/INFO]: Preparing spawn area: 17%
[18:49:47] [Server thread/INFO]: Preparing spawn area: 25%
[18:49:47] [Server thread/INFO]: Preparing spawn area: 34%
[18:49:47] [Server thread/INFO]: Preparing spawn area: 43%
[18:49:47] [Server thread/INFO]: Preparing spawn area: 51%
[18:49:47] [Server thread/INFO]: Preparing spawn area: 60%
[18:49:47] [Server thread/INFO]: Preparing spawn area: 69%
[18:49:47] [Server thread/INFO]: Preparing spawn area: 77%
[18:49:47] [Server thread/INFO]: Preparing spawn area: 86%
[18:49:47] [Server thread/INFO]: Preparing spawn area: 95%
[18:49:47] [Server thread/INFO]: Preparing spawn area: 100%
[18:49:47] [Server thread/INFO]: Time elapsed: 2512 ms
[18:49:47] [Server thread/INFO]: Done (4.185s)! For help, type "help"
[18:49:47] [Server thread/INFO]: Timings Reset
